<?xml version="1.0" encoding="UTF-8"?>
<testsuite xmlns:xsi="http://www.w3.org/2001/XMLSchema-instance" xsi:noNamespaceSchemaLocation="https://maven.apache.org/surefire/maven-surefire-plugin/xsd/surefire-test-report.xsd" name="com.example.echo.FacadeTest(sponge_log)" time="0.22" tests="6" errors="0" skipped="0" failures="0">
  <properties>
[...]
</properties>
  <testcase name="testGuardarSesion" classname="com.example.echo.FacadeTest(sponge_log)" time="0.011"/>
  <testcase name="testActualizarRuta" classname="com.example.echo.FacadeTest(sponge_log)" time="0.021"/>
  <testcase name="testRegistrarRuta" classname="com.example.echo.FacadeTest(sponge_log)" time="0.001"/>
  <testcase name="testListarRuta" classname="com.example.echo.FacadeTest(sponge_log)" time="0.002"/>
  <testcase name="testVerificarSesion" classname="com.example.echo.FacadeTest(sponge_log)" time="0.002"/>
  <testcase name="testEliminarRuta" classname="com.example.echo.FacadeTest(sponge_log)" time="0.002"/>
</testsuite>